<?xml version="1.0" encoding="UTF-8"?>
<testsuite xmlns:xsi="http://www.w3.org/2001/XMLSchema-instance" xsi:noNamespaceSchemaLocation="https://maven.apache.org/surefire/maven-surefire-plugin/xsd/surefire-test-report-3.0.xsd" version="3.0" name="TestSuite" time="1.405" tests="2" errors="0" skipped="0" failures="0">
  <properties>
    <property name="sun.desktop" value="windows"/>
    <property name="awt.toolkit" value="sun.awt.windows.WToolkit"/>
    <property name="java.specification.version" value="11"/>
    <property name="sun.cpu.isalist" value="amd64"/>
    <property name="sun.jnu.encoding" value="Cp1252"/>
    <property name="java.class.path" value="D:\Varsha\capstone\RestAssuredMedicure\target\test-classes;D:\Varsha\capstone\RestAssuredMedicure\target\classes;C:\Users\Deepak Sangwani\.m2\repository\io\rest-assured\rest-assured\5.4.0\rest-assured-5.4.0.jar;C:\Users\Deepak Sangwani\.m2\repository\org\apache\groovy\groovy\4.0.16\groovy-4.0.16.jar;C:\Users\Deepak Sangwani\.m2\repository\org\apache\groovy\groovy-xml\4.0.16\groovy-xml-4.0.16.jar;C:\Users\Deepak Sangwani\.m2\repository\org\apache\httpcomponents\httpclient\4.5.13\httpclient-4.5.13.jar;C:\Users\Deepak Sangwani\.m2\repository\org\apache\httpcomponents\httpcore\4.4.13\httpcore-4.4.13.jar;C:\Users\Deepak Sangwani\.m2\repository\commons-logging\commons-logging\1.2\commons-logging-1.2.jar;C:\Users\Deepak Sangwani\.m2\repository\commons-codec\commons-codec\1.11\commons-codec-1.11.jar;C:\Users\Deepak Sangwani\.m2\repository\org\apache\httpcomponents\httpmime\4.5.13\httpmime-4.5.13.jar;C:\Users\Deepak Sangwani\.m2\repository\org\hamcrest\hamcrest\2.2\hamcrest-2.2.jar;C:\Users\Deepak Sangwani\.m2\repository\org\ccil\cowan\tagsoup\tagsoup\1.2.1\tagsoup-1.2.1.jar;C:\Users\Deepak Sangwani\.m2\repository\io\rest-assured\json-path\5.4.0\json-path-5.4.0.jar;C:\Users\Deepak Sangwani\.m2\repository\org\apache\groovy\groovy-json\4.0.16\groovy-json-4.0.16.jar;C:\Users\Deepak Sangwani\.m2\repository\io\rest-assured\rest-assured-common\5.4.0\rest-assured-common-5.4.0.jar;C:\Users\Deepak Sangwani\.m2\repository\io\rest-assured\xml-path\5.4.0\xml-path-5.4.0.jar;C:\Users\Deepak Sangwani\.m2\repository\org\apache\commons\commons-lang3\3.11\commons-lang3-3.11.jar;C:\Users\Deepak Sangwani\.m2\repository\org\testng\testng\7.9.0\testng-7.9.0.jar;C:\Users\Deepak Sangwani\.m2\repository\org\slf4j\slf4j-api\1.7.36\slf4j-api-1.7.36.jar;C:\Users\Deepak Sangwani\.m2\repository\com\beust\jcommander\1.82\jcommander-1.82.jar;C:\Users\Deepak Sangwani\.m2\repository\org\webjars\jquery\3.7.1\jquery-3.7.1.jar;"/>
    <property name="java.vm.vendor" value="Oracle Corporation"/>
    <property name="sun.arch.data.model" value="64"/>
    <property name="user.variant" value=""/>
    <property name="java.vendor.url" value="https://openjdk.java.net/"/>
    <property name="user.timezone" value="Asia/Calcutta"/>
    <property name="java.vm.specification.version" value="11"/>
    <property name="os.name" value="Windows 11"/>
    <property name="sun.java.launcher" value="SUN_STANDARD"/>
    <property name="user.country" value="IN"/>
    <property name="sun.boot.library.path" value="C:\Program Files\Java\jdk-11\bin"/>
    <property name="sun.java.command" value="C:\Users\Deepak Sangwani\AppData\Local\Temp\surefire17208671083357543977\surefirebooter-20240703081446382_3.jar C:\Users\Deepak Sangwani\AppData\Local\Temp\surefire17208671083357543977 2024-07-03T08-14-46_107-jvmRun1 surefire-20240703081446382_1tmp surefire_0-20240703081446382_2tmp"/>
    <property name="jdk.debug" value="release"/>
    <property name="surefire.test.class.path" value="D:\Varsha\capstone\RestAssuredMedicure\target\test-classes;D:\Varsha\capstone\RestAssuredMedicure\target\classes;C:\Users\Deepak Sangwani\.m2\repository\io\rest-assured\rest-assured\5.4.0\rest-assured-5.4.0.jar;C:\Users\Deepak Sangwani\.m2\repository\org\apache\groovy\groovy\4.0.16\groovy-4.0.16.jar;C:\Users\Deepak Sangwani\.m2\repository\org\apache\groovy\groovy-xml\4.0.16\groovy-xml-4.0.16.jar;C:\Users\Deepak Sangwani\.m2\repository\org\apache\httpcomponents\httpclient\4.5.13\httpclient-4.5.13.jar;C:\Users\Deepak Sangwani\.m2\repository\org\apache\httpcomponents\httpcore\4.4.13\httpcore-4.4.13.jar;C:\Users\Deepak Sangwani\.m2\repository\commons-logging\commons-logging\1.2\commons-logging-1.2.jar;C:\Users\Deepak Sangwani\.m2\repository\commons-codec\commons-codec\1.11\commons-codec-1.11.jar;C:\Users\Deepak Sangwani\.m2\repository\org\apache\httpcomponents\httpmime\4.5.13\httpmime-4.5.13.jar;C:\Users\Deepak Sangwani\.m2\repository\org\hamcrest\hamcrest\2.2\hamcrest-2.2.jar;C:\Users\Deepak Sangwani\.m2\repository\org\ccil\cowan\tagsoup\tagsoup\1.2.1\tagsoup-1.2.1.jar;C:\Users\Deepak Sangwani\.m2\repository\io\rest-assured\json-path\5.4.0\json-path-5.4.0.jar;C:\Users\Deepak Sangwani\.m2\repository\org\apache\groovy\groovy-json\4.0.16\groovy-json-4.0.16.jar;C:\Users\Deepak Sangwani\.m2\repository\io\rest-assured\rest-assured-common\5.4.0\rest-assured-common-5.4.0.jar;C:\Users\Deepak Sangwani\.m2\repository\io\rest-assured\xml-path\5.4.0\xml-path-5.4.0.jar;C:\Users\Deepak Sangwani\.m2\repository\org\apache\commons\commons-lang3\3.11\commons-lang3-3.11.jar;C:\Users\Deepak Sangwani\.m2\repository\org\testng\testng\7.9.0\testng-7.9.0.jar;C:\Users\Deepak Sangwani\.m2\repository\org\slf4j\slf4j-api\1.7.36\slf4j-api-1.7.36.jar;C:\Users\Deepak Sangwani\.m2\repository\com\beust\jcommander\1.82\jcommander-1.82.jar;C:\Users\Deepak Sangwani\.m2\repository\org\webjars\jquery\3.7.1\jquery-3.7.1.jar;"/>
    <property name="sun.cpu.endian" value="little"/>
    <property name="user.home" value="C:\Users\Deepak Sangwani"/>
    <property name="user.language" value="en"/>
    <property name="java.specification.vendor" value="Oracle Corporation"/>
    <property name="java.version.date" value="2023-04-18"/>
    <property name="java.home" value="C:\Program Files\Java\jdk-11"/>
    <property name="file.separator" value="\"/>
    <property name="style.color" value="always"/>
    <property name="basedir" value="D:\Varsha\capstone\RestAssuredMedicure"/>
    <property name="java.vm.compressedOopsMode" value="Zero based"/>
    <property name="line.separator" value="&#10;"/>
    <property name="java.specification.name" value="Java Platform API Specification"/>
    <property name="java.vm.specification.vendor" value="Oracle Corporation"/>
    <property name="java.awt.graphicsenv" value="sun.awt.Win32GraphicsEnvironment"/>
    <property name="surefire.real.class.path" value="C:\Users\Deepak Sangwani\AppData\Local\Temp\surefire17208671083357543977\surefirebooter-20240703081446382_3.jar"/>
    <property name="user.script" value=""/>
    <property name="sun.management.compiler" value="HotSpot 64-Bit Tiered Compilers"/>
    <property name="java.runtime.version" value="11.0.19+9-LTS-224"/>
    <property name="user.name" value="Deepak Sangwani"/>
    <property name="path.separator" value=";"/>
    <property name="os.version" value="10.0"/>
    <property name="java.runtime.name" value="Java(TM) SE Runtime Environment"/>
    <property name="file.encoding" value="Cp1252"/>
    <property name="java.vm.name" value="Java HotSpot(TM) 64-Bit Server VM"/>
    <property name="java.vendor.version" value="18.9"/>
    <property name="localRepository" value="C:\Users\Deepak Sangwani\.m2\repository"/>
    <property name="java.vendor.url.bug" value="https://bugreport.java.com/bugreport/"/>
    <property name="java.io.tmpdir" value="C:\Users\DEEPAK~1\AppData\Local\Temp\"/>
    <property name="java.version" value="11.0.19"/>
    <property name="user.dir" value="D:\Varsha\capstone\RestAssuredMedicure"/>
    <property name="os.arch" value="amd64"/>
    <property name="java.vm.specification.name" value="Java Virtual Machine Specification"/>
    <property name="java.awt.printerjob" value="sun.awt.windows.WPrinterJob"/>
    <property name="sun.os.patch.level" value=""/>
    <property name="java.library.path" value="C:\Program Files\Java\jdk-11\bin;C:\windows\Sun\Java\bin;C:\windows\system32;C:\windows;C:/Users/Deepak Sangwani/Downloads/eclipse-jee-2024-03-R-win32-x86_64/eclipse//plugins/org.eclipse.justj.openjdk.hotspot.jre.full.win32.x86_64_17.0.10.v20240120-1143/jre/bin/server;C:/Users/Deepak Sangwani/Downloads/eclipse-jee-2024-03-R-win32-x86_64/eclipse//plugins/org.eclipse.justj.openjdk.hotspot.jre.full.win32.x86_64_17.0.10.v20240120-1143/jre/bin;C:\Program Files\Common Files\Oracle\Java\javapath;C:\Python312\Scripts\;C:\Python312\;C:\windows\system32;C:\windows;C:\windows\System32\Wbem;C:\windows\System32\WindowsPowerShell\v1.0\;C:\windows\System32\OpenSSH\;C:\Program Files (x86)\NVIDIA Corporation\PhysX\Common;C:\Program Files\NVIDIA Corporation\NVIDIA NvDLISR;C:\Program Files\Git\cmd;C:\Program Files\nodejs\;C:\ProgramData\chocolatey\bin;C:\Program Files\Java\jdk-11;C:\Program Files\Java\jdk-11\bin;C:\Program Files\HP\HP One Agent;C:\Program Files\MySQL\MySQL Server 8.0\bin;C:\Program Files\PuTTY\;D:\Varsha\Apache Maven\apache-maven-3.9.6-bin\apache-maven-3.9.6\bin;C:\Users\Deepak Sangwani\AppData\Local\Microsoft\WindowsApps;C:\Users\Deepak Sangwani\AppData\Roaming\npm;C:\Users\Deepak Sangwani\AppData\Local\Programs\Microsoft VS Code\bin;C:\Users\Deepak Sangwani\Downloads\eclipse-jee-2024-03-R-win32-x86_64\eclipse;;."/>
    <property name="java.vendor" value="Oracle Corporation"/>
    <property name="java.vm.info" value="mixed mode"/>
    <property name="java.vm.version" value="11.0.19+9-LTS-224"/>
    <property name="sun.io.unicode.encoding" value="UnicodeLittle"/>
    <property name="java.class.version" value="55.0"/>
  </properties>
  <testcase name="GetBookDetails" classname="com.httprequest.getProduct" time="0.789">
    <system-out><![CDATA[Correct status code returned 200
]]></system-out>
    <system-err><![CDATA[SLF4J: Failed to load class "org.slf4j.impl.StaticLoggerBinder".
SLF4J: Defaulting to no-operation (NOP) logger implementation
SLF4J: See http://www.slf4j.org/codes.html#StaticLoggerBinder for further details.
]]></system-err>
  </testcase>
  <testcase name="getProductbycategory" classname="com.httprequest.getProductbycategory" time="0.019">
    <system-out><![CDATA[Correct status code returned 200
Response body contains Analgesics









<!DOCTYPE html>
<html lang="en">

<head>

<meta charset="utf-8">
<meta http-equiv="X-UA-Compatible" content="IE=edge">
<meta name="viewport" content="width=device-width, initial-scale=1">
<meta name="description" content="Medicare Website Using Spring MVC and Hibernate">
<meta name="author" content="Simplilearn">
<meta name="_csrf" content="68c9dbab-ae42-46a8-9361-44bbca799624">
<meta name="_csrf_header" content="X-CSRF-TOKEN">

<title>Medicare - Analgesics</title>

<script>
	window.menu = 'Analgesics';
	
	window.contextRoot = '/medicare'
	
</script>

<!-- Bootstrap Core CSS -->
<link href="/medicare/resources/css/bootstrap.min.css" rel="stylesheet">

<!-- Bootstrap Readable Theme -->
<link href="/medicare/resources/css/bootstrap-readable-theme.css" rel="stylesheet">


<!-- Bootstrap DataTables -->
<link href="/medicare/resources/css/dataTables.bootstrap.css" rel="stylesheet">


<!-- Custom CSS -->
<link href="/medicare/resources/css/myapp.css" rel="stylesheet">

<!-- HTML5 Shim and Respond.js IE8 support of HTML5 elements and media queries -->
<!-- WARNING: Respond.js doesn't work if you view the page via file:// -->
<!--[if lt IE 9]>
        <script src="https://oss.maxcdn.com/libs/html5shiv/3.7.0/html5shiv.js"></script>
        <script src="https://oss.maxcdn.com/libs/respond.js/1.4.2/respond.min.js"></script>
    <![endif]-->

</head>

<body>
	
	<div class="se-pre-con"></div>
	<div class="wrapper">

		<!-- Navigation -->
		
	<script>
		window.userRole = '';
	</script>
    <nav class="navbar navbar-inverse navbar-fixed-top" role="navigation">
        <div class="container">
            <!-- Brand and toggle get grouped for better mobile display -->
            <div class="navbar-header">
                <button type="button" class="navbar-toggle" data-toggle="collapse" data-target="#bs-example-navbar-collapse-1">
                    <span class="sr-only">Toggle navigation</span>
                    <span class="icon-bar"></span>
                    <span class="icon-bar"></span>
                    <span class="icon-bar"></span>
                </button>
                <a class="navbar-brand" href="/medicare/home">Medicare</a>
            </div>
            <!-- Collect the nav links, forms, and other content for toggling -->
            <div class="collapse navbar-collapse" id="bs-example-navbar-collapse-1">
                <ul class="nav navbar-nav">
                    <li id="about">
                        <a href="/medicare/about">About</a>
                    </li>

                    <li id="contact">
                        <a href="/medicare/contact">Contact</a>
                    </li>
                    
                    <li id="listProducts">
                        <a href="/medicare/show/all/products">View Products</a>
                    </li>
					
                </ul>
			    
			    <ul class="nav navbar-nav navbar-right">
			    	
	                    <li id="signup">
	                        <a href="/medicare/membership">Sign Up</a>
	                    </li>
						<li id="login">
	                        <a href="/medicare/login">Login</a>
	                    </li> 			    	
			    	
			    	                    
			    </ul>                
                
            </div>
            <!-- /.navbar-collapse -->
        </div>
        <!-- /.container -->
    </nav>



		<!-- Page Content -->

		<div class="content">
			
			<!-- Loading the home content -->
			

			<!-- Load only when user clicks about -->
			

			<!-- Load only when user clicks contact -->
			
			
			<!-- Load only when user clicks contact -->
			
				<div class="container">

	<div class="row">


		<!-- Would be to display sidebar -->
		<div class="col-md-3">

			<p class="lead">Categories</p>




<div class="list-group">


	
		<a href="/medicare/show/category/1/products" class="list-group-item" id="a_Antipyretics">Antipyretics</a>
	
		<a href="/medicare/show/category/2/products" class="list-group-item" id="a_Analgesics">Analgesics</a>
	
		<a href="/medicare/show/category/3/products" class="list-group-item" id="a_Antibiotics">Antibiotics</a>
	

	 
</div>

		</div>

		<!-- to display the actual products -->
		<div class="col-md-9">

			<!-- Added breadcrumb component -->
			<div class="row">

				<div class="col-lg-12">

					
					
					
					
						<script>
							window.categoryId = '2';
						</script>
					
						<ol class="breadcrumb">


							<li><a href="/medicare/home">Home</a></li>
							<li class="active">Category</li>
							<li class="active">Analgesics</li>


						</ol>
					
					

				</div>


			</div>

			
			<div class="row">
			
				<div class="col-xs-12">
				
					
					<table id="productListTable" class="table table-striped table-borderd">
					
					
						<thead>
						
							<tr>
								<th></th>
								<th>Name</th>
								<th>Brand</th>
								<th>Price</th>
								<th>Qty. Available</th>
								<th></th>
							
							</tr>
						
						</thead>
					

						<tfoot>
						
							<tr>
								<th></th>
								<th>Name</th>
								<th>Brand</th>
								<th>Price</th>
								<th>Qty. Available</th>
								<th></th>
							
							</tr>
						
						</tfoot>
					</table>
				
				</div>
			
			</div>


		</div>



	</div>






</div>
				
			
			
			<!-- Load only when user clicks show product -->
											

			<!-- Load only when user clicks manage product -->
				

			<!-- Load only when user clicks manage product -->
				

		</div>


		<!-- Footer comes here -->
		    <div class="container footer">

        <hr>

        <!-- Footer -->
        <footer>
            <div class="row">
                <div class="col-lg-12">
                    <p>Copyright &copy; Medicare - Designed and Developed By Simplilearn</p>
                </div>
            </div>
        </footer>

    </div>

		<!-- jQuery -->
		<script src="/medicare/resources/js/jquery.js"></script>

		<script src="/medicare/resources/js/jquery.validate.js"></script>

		<!-- Bootstrap Core JavaScript -->
		<script src="/medicare/resources/js/bootstrap.min.js"></script>
		
		<!-- DataTable Plugin -->
		<script src="/medicare/resources/js/jquery.dataTables.js"></script>
		
		<!-- DataTable Bootstrap Script -->
		<script src="/medicare/resources/js/dataTables.bootstrap.js"></script>
		
		<!-- DataTable Bootstrap Script -->
		<script src="/medicare/resources/js/bootbox.min.js"></script>
		
		<!-- Self coded javascript -->
		<script src="/medicare/resources/js/myapp.js"></script>

	</div>

</body>

</html>
]]></system-out>
  </testcase>
</testsuite>