<?xml version="1.0" encoding="UTF-8"?>
<!-- Generated by org.testng.reporters.JUnitReportReporter -->
<testsuite hostname="LAPTOP-MBIHGQOB" failures="0" tests="1" name="com.httprequest.getProduct" time="0.860" errors="0" timestamp="2024-07-02T16:26:28 IST" skipped="0">
  <testcase classname="com.httprequest.getProduct" name="GetBookDetails" time="0.860"/>
  <system-out/>
</testsuite> <!-- com.httprequest.getProduct -->
