<?xml version="1.0" encoding="UTF-8"?>
<!-- Generated by org.testng.reporters.JUnitReportReporter -->
<testsuite hostname="LAPTOP-MBIHGQOB" failures="0" tests="1" name="com.httprequest.APITest" time="0.892" errors="0" timestamp="2024-07-02T12:12:57 IST" skipped="0">
  <testcase classname="com.httprequest.APITest" name="testGetProductsByCategory" time="0.892"/>
  <system-out/>
</testsuite> <!-- com.httprequest.APITest -->
