<?xml version="1.0" encoding="UTF-8"?>
<!-- Generated by org.testng.reporters.JUnitReportReporter -->
<testsuite hostname="LAPTOP-MBIHGQOB" failures="0" tests="1" name="com.httprequest.getProductbyID" time="0.925" errors="0" timestamp="2024-07-02T16:26:38 IST" skipped="0">
  <testcase classname="com.httprequest.getProductbyID" name="getProductbyID" time="0.925"/>
  <system-out/>
</testsuite> <!-- com.httprequest.getProductbyID -->
