<?xml version="1.0" encoding="UTF-8"?>
<!-- Generated by org.testng.reporters.JUnitReportReporter -->
<testsuite hostname="LAPTOP-MBIHGQOB" failures="0" tests="1" name="com.httprequest.getProductbycategory" time="0.030" errors="0" timestamp="2024-07-03T08:14:48 IST" skipped="0">
  <testcase classname="com.httprequest.getProductbycategory" name="getProductbycategory" time="0.030"/>
</testsuite> <!-- com.httprequest.getProductbycategory -->
