<?xml version="1.0" encoding="UTF-8"?>
<!-- Generated by org.testng.reporters.JUnitReportReporter -->
<testsuite hostname="LAPTOP-MBIHGQOB" failures="0" tests="1" name="com.httprequest.getProduct" time="0.785" errors="0" timestamp="2024-07-03T08:14:48 IST" skipped="0">
  <testcase classname="com.httprequest.getProduct" name="GetBookDetails" time="0.785"/>
</testsuite> <!-- com.httprequest.getProduct -->
